<?xml version="1.0" encoding="UTF-8"?>
<!-- Generated by org.testng.reporters.JUnitReportReporter -->
<testsuite hostname="Sayyed-Zubair-Ali-369" failures="0" tests="1" name="testcases.ValidateLogin" time="0.000" errors="0" timestamp="2022-03-17T00:22:02 IST" skipped="1">
  <testcase classname="testcases.ValidateLogin" name="doLogin" time="0.000">
    <skipped/>
  </testcase> <!-- doLogin -->
  <system-out/>
</testsuite> <!-- testcases.ValidateLogin -->
