<?xml version="1.0" encoding="UTF-8"?>
<!-- Generated by org.testng.reporters.JUnitReportReporter -->
<testsuite hostname="Sayyed-Zubair-Ali-369" failures="0" tests="1" name="testcases.ValidateLandingPage" time="1.388" errors="0" timestamp="2022-03-17T00:22:02 IST" skipped="0">
  <testcase classname="testcases.ValidateLandingPage" name="testLandingPage" time="1.388"/>
  <system-out/>
</testsuite> <!-- testcases.ValidateLandingPage -->
